<?xml version="1.0" encoding="UTF-8"?>
<!-- Generated by org.testng.reporters.JUnitReportReporter -->
<testsuite hostname="RN" failures="0" tests="2" name="com.TestCases.VerifyLoginFlipkart_TC001" time="89.081" errors="0" timestamp="2022-05-08T18:13:12 IST" skipped="0">
  <testcase classname="com.TestCases.VerifyLoginFlipkart_TC001" name="verifyLogin" time="52.225"/>
  <system-out/>
  <testcase classname="com.TestCases.VerifyLoginFlipkart_TC001" name="verifyLogin" time="36.856"/>
  <system-out/>
</testsuite> <!-- com.TestCases.VerifyLoginFlipkart_TC001 -->
