<?xml version="1.0" encoding="UTF-8"?>
<!-- Generated by org.testng.reporters.JUnitReportReporter -->
<testsuite hostname="RN" failures="0" tests="1" name="com.Test.VerifyLoginFlipkart_TC001" time="15.609" errors="0" timestamp="2022-05-07T15:46:19 IST" skipped="0">
  <testcase classname="com.Test.VerifyLoginFlipkart_TC001" name="verifyFbLogin" time="15.609"/>
  <system-out/>
</testsuite> <!-- com.Test.VerifyLoginFlipkart_TC001 -->
